2025-05-25 11:32:21,935 - INFO - Starting training for BTC
2025-05-25 11:32:21,944 - INFO - Loaded 875 rows from data/BTC_historical_data.csv
2025-05-25 11:32:21,960 - INFO - Data scaled with MinMaxScaler
2025-05-25 11:32:21,968 - INFO - Created 845 sequences of length 30
2025-05-25 11:32:21,969 - INFO - Split data: 676 train, 169 test
2025-05-25 11:32:22,180 - INFO - Model compiled
2025-05-25 11:32:22,180 - INFO - Starting model.fit with batch_size=16, epochs=30
2025-05-25 11:32:25,748 - INFO - Training completed for BTC
2025-05-25 11:32:26,185 - INFO - BTC evaluation metrics:
2025-05-25 11:32:26,186 - INFO -   MSE:  138286340.0179
2025-05-25 11:32:26,186 - INFO -   RMSE: 11759.5212
2025-05-25 11:32:26,186 - INFO -   R²:   -1.1404
2025-05-25 11:32:26,187 - WARNING - You are saving your model as an HDF5 file via `model.save()` or `keras.saving.save_model(model)`. This file format is considered legacy. We recommend using instead the native Keras format, e.g. `model.save('my_model.keras')` or `keras.saving.save_model(model, 'my_model.keras')`. 
2025-05-25 11:32:26,218 - INFO - Saved model to models/BTC_lstm_model.h5
2025-05-25 11:32:26,218 - INFO - Saved scaler to models/BTC_lstm_scaler.pkl
2025-05-25 11:32:26,218 - INFO - Starting training for ETH
2025-05-25 11:32:26,224 - INFO - Loaded 875 rows from data/ETH_historical_data.csv
2025-05-25 11:32:26,230 - INFO - Data scaled with MinMaxScaler
2025-05-25 11:32:26,233 - INFO - Created 845 sequences of length 30
2025-05-25 11:32:26,233 - INFO - Split data: 676 train, 169 test
2025-05-25 11:32:26,266 - INFO - Model compiled
2025-05-25 11:32:26,267 - INFO - Starting model.fit with batch_size=16, epochs=30
2025-05-25 11:32:29,427 - INFO - Training completed for ETH
2025-05-25 11:32:29,861 - INFO - ETH evaluation metrics:
2025-05-25 11:32:29,862 - INFO -   MSE:  64081.7593
2025-05-25 11:32:29,862 - INFO -   RMSE: 253.1438
2025-05-25 11:32:29,863 - INFO -   R²:   0.8721
2025-05-25 11:32:29,863 - WARNING - You are saving your model as an HDF5 file via `model.save()` or `keras.saving.save_model(model)`. This file format is considered legacy. We recommend using instead the native Keras format, e.g. `model.save('my_model.keras')` or `keras.saving.save_model(model, 'my_model.keras')`. 
2025-05-25 11:32:29,885 - INFO - Saved model to models/ETH_lstm_model.h5
2025-05-25 11:32:29,885 - INFO - Saved scaler to models/ETH_lstm_scaler.pkl
